<?xml version="1.0" encoding="UTF-8"?>
<!-- Generated by org.testng.reporters.JUnitReportReporter -->
<testsuite hostname="Ezeiatech" failures="0" tests="1" name="Tests.ChangePassTest" time="27.136" errors="0" timestamp="2025-07-09T14:12:36 IST" skipped="0">
  <testcase classname="Tests.ChangePassTest" name="ChangePass" time="27.136"/>
</testsuite> <!-- Tests.ChangePassTest -->
