<?xml version="1.0" encoding="UTF-8"?>
<!-- Generated by org.testng.reporters.JUnitReportReporter -->
<testsuite hostname="Ezeiatech" failures="0" tests="1" name="Tests.ForgotTest" time="22.374" errors="0" timestamp="2025-07-09T14:12:36 IST" skipped="0">
  <testcase classname="Tests.ForgotTest" name="forgotPass" time="22.374"/>
</testsuite> <!-- Tests.ForgotTest -->
