<?xml version="1.0" encoding="UTF-8"?>
<!-- Generated by org.testng.reporters.JUnitReportReporter -->
<testsuite hostname="Ezeiatech" failures="0" tests="1" name="Testcases.HomeTest" time="3.242" errors="0" timestamp="2025-07-15T14:38:16 IST" skipped="0">
  <testcase classname="Testcases.HomeTest" name="verifyLogin" time="3.242"/>
</testsuite> <!-- Testcases.HomeTest -->
