<?xml version="1.0" encoding="UTF-8"?>
<!-- Generated by org.testng.reporters.JUnitReportReporter -->
<testsuite hostname="Ezeiatech" failures="0" tests="8" name="Testcases.ForgotTest" time="91.123" errors="0" timestamp="2025-07-14T12:43:32 IST" skipped="0">
  <testcase classname="Testcases.ForgotTest" name="verifyemptyEmail" time="2.307"/>
  <testcase classname="Testcases.ForgotTest" name="verifyIncorrEmail" time="24.691"/>
  <testcase classname="Testcases.ForgotTest" name="verifyCorrEmail" time="23.209"/>
  <testcase classname="Testcases.ForgotTest" name="verifyEmptyOtpForm" time="2.168"/>
  <testcase classname="Testcases.ForgotTest" name="verifyEnterValidOtp" time="30.355"/>
  <testcase classname="Testcases.ForgotTest" name="verifyInvalidFormatPass" time="5.319"/>
  <testcase classname="Testcases.ForgotTest" name="VerifyPassNotMatch" time="2.891"/>
  <testcase classname="Testcases.ForgotTest" name="VerifyLoginBackBtn" time="0.183"/>
</testsuite> <!-- Testcases.ForgotTest -->
