<?xml version="1.0" encoding="UTF-8"?>
<!-- Generated by org.testng.reporters.JUnitReportReporter -->
<testsuite hostname="Ezeiatech" failures="0" tests="3" name="Tests.LoginTest" time="22.636" errors="0" timestamp="2025-07-04T18:27:37 IST" skipped="0">
  <testcase classname="Tests.LoginTest" name="InvalidPass" time="12.308"/>
  <testcase classname="Tests.LoginTest" name="Login" time="4.607"/>
  <testcase classname="Tests.LoginTest" name="InvalidEmail" time="5.721"/>
</testsuite> <!-- Tests.LoginTest -->
