<?xml version="1.0" encoding="UTF-8"?>
<!-- Generated by org.testng.reporters.JUnitReportReporter -->
<testsuite hostname="Ezeiatech" failures="0" tests="2" name="Testcases.LoginTest" time="14.828" errors="0" timestamp="2025-07-11T18:30:03 IST" skipped="0">
  <testcase classname="Testcases.LoginTest" name="verifyemptyEmail" time="9.748"/>
  <testcase classname="Testcases.LoginTest" name="verifyemptyPass" time="5.080"/>
</testsuite> <!-- Testcases.LoginTest -->
