<?xml version="1.0" encoding="UTF-8"?>
<!-- Generated by org.testng.reporters.JUnitReportReporter -->
<testsuite hostname="Ezeiatech" failures="0" tests="3" name="Tests.LoginTest" time="16.998" errors="0" timestamp="2025-07-07T15:44:03 IST" skipped="0">
  <testcase classname="Tests.LoginTest" name="InvalidEmail" time="5.056"/>
  <testcase classname="Tests.LoginTest" name="InvalidPass" time="8.729"/>
  <testcase classname="Tests.LoginTest" name="Login" time="3.213"/>
</testsuite> <!-- Tests.LoginTest -->
