<?xml version="1.0" encoding="UTF-8"?>
<!-- Generated by org.testng.reporters.JUnitReportReporter -->
<testsuite hostname="Ezeiatech" failures="0" tests="7" name="Testcases.ForgotTest" time="94.279" errors="0" timestamp="2025-07-11T18:30:03 IST" skipped="0">
  <testcase classname="Testcases.ForgotTest" name="verifyemptyEmail" time="3.567"/>
  <testcase classname="Testcases.ForgotTest" name="verifyIncorrEmail" time="26.219"/>
  <testcase classname="Testcases.ForgotTest" name="verifyCorrEmail" time="23.809"/>
  <testcase classname="Testcases.ForgotTest" name="verifyEmptyOtpForm" time="1.823"/>
  <testcase classname="Testcases.ForgotTest" name="verifyEnterValidOtp" time="30.629"/>
  <testcase classname="Testcases.ForgotTest" name="verifyInvalidFormatPass" time="4.121"/>
  <testcase classname="Testcases.ForgotTest" name="VerifyPassNotMatch" time="4.111"/>
</testsuite> <!-- Testcases.ForgotTest -->
