<?xml version="1.0" encoding="UTF-8"?>
<!-- Generated by org.testng.reporters.JUnitReportReporter -->
<testsuite hostname="Ezeiatech" failures="0" tests="3" name="Tests.LoginTest" time="15.252" errors="0" timestamp="2025-07-09T14:12:36 IST" skipped="0">
  <testcase classname="Tests.LoginTest" name="InvalidPass" time="8.360"/>
  <testcase classname="Tests.LoginTest" name="Login" time="2.881"/>
  <testcase classname="Tests.LoginTest" name="InvalidEmail" time="4.011"/>
</testsuite> <!-- Tests.LoginTest -->
