<?xml version="1.0" encoding="UTF-8"?>
<!-- Generated by org.testng.reporters.JUnitReportReporter -->
<testsuite hostname="Ezeiatech" failures="0" tests="3" name="Tests.LoginTest" time="17.311" errors="0" timestamp="2025-07-09T12:56:35 IST" skipped="0">
  <testcase classname="Tests.LoginTest" name="Login" time="4.067"/>
  <testcase classname="Tests.LoginTest" name="InvalidEmail" time="5.081"/>
  <testcase classname="Tests.LoginTest" name="InvalidPass" time="8.163"/>
</testsuite> <!-- Tests.LoginTest -->
