<?xml version="1.0" encoding="UTF-8"?>
<!-- Generated by org.testng.reporters.JUnitReportReporter -->
<testsuite hostname="Ezeiatech" failures="0" tests="2" name="Testcases.ProfileTest" time="3.879" errors="0" timestamp="2025-07-15T14:38:16 IST" skipped="0">
  <testcase classname="Testcases.ProfileTest" name="verifyMenuClick" time="2.353"/>
  <testcase classname="Testcases.ProfileTest" name="verifyProfileClick" time="1.526"/>
</testsuite> <!-- Testcases.ProfileTest -->
