<?xml version="1.0" encoding="UTF-8"?>
<!-- Generated by org.testng.reporters.JUnitReportReporter -->
<testsuite hostname="Ezeiatech" failures="0" tests="2" name="Testcases.LogoutTest" time="4.333" errors="0" timestamp="2025-07-14T12:43:32 IST" skipped="0">
  <testcase classname="Testcases.LogoutTest" name="VerifyToggleBtn" time="1.838"/>
  <testcase classname="Testcases.LogoutTest" name="VerifyLogout" time="2.495"/>
</testsuite> <!-- Testcases.LogoutTest -->
