<?xml version="1.0" encoding="UTF-8"?>
<!-- Generated by org.testng.reporters.JUnitReportReporter -->
<testsuite hostname="Ezeiatech" failures="0" tests="1" name="Tests.LogoutTest" time="7.680" errors="0" timestamp="2025-07-09T14:12:36 IST" skipped="0">
  <testcase classname="Tests.LogoutTest" name="Logout" time="7.680"/>
</testsuite> <!-- Tests.LogoutTest -->
