<?xml version="1.0" encoding="UTF-8"?>
<!-- Generated by org.testng.reporters.JUnitReportReporter -->
<testsuite hostname="Ezeiatech" failures="0" tests="2" name="Testcases.ProfileTest" time="4.480" errors="0" timestamp="2025-07-14T12:43:32 IST" skipped="0">
  <testcase classname="Testcases.ProfileTest" name="verifyMenuClick" time="2.937"/>
  <testcase classname="Testcases.ProfileTest" name="verifyProfileClick" time="1.543"/>
</testsuite> <!-- Testcases.ProfileTest -->
