<?xml version="1.0" encoding="UTF-8"?>
<!-- Generated by org.testng.reporters.JUnitReportReporter -->
<testsuite hostname="Ezeiatech" failures="0" tests="1" name="Tests.ForgotTest" time="32.296" errors="0" timestamp="2025-07-07T15:44:03 IST" skipped="0">
  <testcase classname="Tests.ForgotTest" name="forgotPass" time="32.296"/>
</testsuite> <!-- Tests.ForgotTest -->
