<?xml version="1.0" encoding="UTF-8"?>
<!-- Generated by org.testng.reporters.JUnitReportReporter -->
<testsuite hostname="Ezeiatech" failures="0" tests="2" name="Testcases.LoginTest" time="11.990" errors="0" timestamp="2025-07-14T12:43:32 IST" skipped="0">
  <testcase classname="Testcases.LoginTest" name="verifyemptyEmail" time="7.460"/>
  <testcase classname="Testcases.LoginTest" name="verifyemptyPass" time="4.530"/>
</testsuite> <!-- Testcases.LoginTest -->
