<?xml version="1.0" encoding="UTF-8"?>
<!-- Generated by org.testng.reporters.JUnitReportReporter -->
<testsuite hostname="Ezeiatech" failures="0" tests="2" name="Testcases.LoginTest" time="11.842" errors="0" timestamp="2025-07-15T14:38:16 IST" skipped="0">
  <testcase classname="Testcases.LoginTest" name="verifyemptyEmail" time="7.237"/>
  <testcase classname="Testcases.LoginTest" name="verifyemptyPass" time="4.605"/>
</testsuite> <!-- Testcases.LoginTest -->
