<?xml version="1.0" encoding="UTF-8"?>
<!-- Generated by org.testng.reporters.JUnitReportReporter -->
<testsuite hostname="Ezeiatech" failures="0" tests="2" name="Testcases.LogoutTest" time="4.178" errors="0" timestamp="2025-07-15T14:38:16 IST" skipped="0">
  <testcase classname="Testcases.LogoutTest" name="VerifyToggleBtn" time="1.731"/>
  <testcase classname="Testcases.LogoutTest" name="VerifyLogout" time="2.447"/>
</testsuite> <!-- Testcases.LogoutTest -->
