<?xml version="1.0" encoding="UTF-8"?>
<!-- Generated by org.testng.reporters.JUnitReportReporter -->
<testsuite hostname="Ezeiatech" failures="0" tests="1" name="Tests.LogoutTest" time="8.916" errors="0" timestamp="2025-07-07T15:44:03 IST" skipped="0">
  <testcase classname="Tests.LogoutTest" name="Logout" time="8.916"/>
</testsuite> <!-- Tests.LogoutTest -->
