<?xml version="1.0" encoding="UTF-8"?>
<!-- Generated by org.testng.reporters.JUnitReportReporter -->
<testsuite hostname="Ezeiatech" failures="0" tests="2" name="Tests.LoginTest" time="12.137" errors="0" timestamp="2025-07-02T17:41:44 IST" skipped="0">
  <testcase classname="Tests.LoginTest" name="InvalidEmail" time="4.636"/>
  <testcase classname="Tests.LoginTest" name="InvalidPass" time="7.501"/>
</testsuite> <!-- Tests.LoginTest -->
